:iam-web:dependencies

------------------------------------------------------------
Project :iam-web
------------------------------------------------------------

archives - Configuration for archive artifacts.
No dependencies

compile - Compile classpath for source set 'main'.
+--- project :iam-core
|    +--- project :iam-common
|    |    \--- org.hibernate:hibernate-validator: -> 5.2.2.Final
|    |         +--- javax.validation:validation-api:1.1.0.Final
|    |         +--- org.jboss.logging:jboss-logging:3.2.1.Final -> 3.3.0.Final
|    |         \--- com.fasterxml:classmate:1.1.0
|    +--- org.springframework.boot:spring-boot-starter-data-jpa: -> 1.3.2.RELEASE
|    |    +--- org.springframework.boot:spring-boot-starter:1.3.2.RELEASE
|    |    |    +--- org.springframework.boot:spring-boot:1.3.2.RELEASE
|    |    |    |    +--- org.springframework:spring-core:4.2.4.RELEASE
|    |    |    |    \--- org.springframework:spring-context:4.2.4.RELEASE
|    |    |    |         +--- org.springframework:spring-aop:4.2.4.RELEASE
|    |    |    |         |    +--- aopalliance:aopalliance:1.0
|    |    |    |         |    +--- org.springframework:spring-beans:4.2.4.RELEASE
|    |    |    |         |    |    \--- org.springframework:spring-core:4.2.4.RELEASE
|    |    |    |         |    \--- org.springframework:spring-core:4.2.4.RELEASE
|    |    |    |         +--- org.springframework:spring-beans:4.2.4.RELEASE (*)
|    |    |    |         +--- org.springframework:spring-core:4.2.4.RELEASE
|    |    |    |         \--- org.springframework:spring-expression:4.2.4.RELEASE
|    |    |    |              \--- org.springframework:spring-core:4.2.4.RELEASE
|    |    |    +--- org.springframework.boot:spring-boot-autoconfigure:1.3.2.RELEASE
|    |    |    |    \--- org.springframework.boot:spring-boot:1.3.2.RELEASE (*)
|    |    |    +--- org.springframework.boot:spring-boot-starter-logging:1.3.2.RELEASE
|    |    |    |    +--- ch.qos.logback:logback-classic:1.1.3
|    |    |    |    |    +--- ch.qos.logback:logback-core:1.1.3
|    |    |    |    |    \--- org.slf4j:slf4j-api:1.7.7 -> 1.7.13
|    |    |    |    +--- org.slf4j:jcl-over-slf4j:1.7.13
|    |    |    |    |    \--- org.slf4j:slf4j-api:1.7.13
|    |    |    |    +--- org.slf4j:jul-to-slf4j:1.7.13
|    |    |    |    |    \--- org.slf4j:slf4j-api:1.7.13
|    |    |    |    \--- org.slf4j:log4j-over-slf4j:1.7.13
|    |    |    |         \--- org.slf4j:slf4j-api:1.7.13
|    |    |    +--- org.springframework:spring-core:4.2.4.RELEASE
|    |    |    \--- org.yaml:snakeyaml:1.16
|    |    +--- org.springframework.boot:spring-boot-starter-aop:1.3.2.RELEASE
|    |    |    +--- org.springframework.boot:spring-boot-starter:1.3.2.RELEASE (*)
|    |    |    +--- org.springframework:spring-aop:4.2.4.RELEASE (*)
|    |    |    \--- org.aspectj:aspectjweaver:1.8.8
|    |    +--- org.springframework.boot:spring-boot-starter-jdbc:1.3.2.RELEASE
|    |    |    +--- org.springframework.boot:spring-boot-starter:1.3.2.RELEASE (*)
|    |    |    \--- org.springframework:spring-jdbc:4.2.4.RELEASE
|    |    |         +--- org.springframework:spring-beans:4.2.4.RELEASE (*)
|    |    |         +--- org.springframework:spring-core:4.2.4.RELEASE
|    |    |         \--- org.springframework:spring-tx:4.2.4.RELEASE
|    |    |              +--- org.springframework:spring-beans:4.2.4.RELEASE (*)
|    |    |              \--- org.springframework:spring-core:4.2.4.RELEASE
|    |    +--- org.hibernate:hibernate-entitymanager:4.3.11.Final
|    |    |    +--- org.jboss.logging:jboss-logging:3.1.3.GA -> 3.3.0.Final
|    |    |    +--- org.jboss.logging:jboss-logging-annotations:1.2.0.Beta1
|    |    |    +--- org.hibernate:hibernate-core:4.3.11.Final
|    |    |    |    +--- org.jboss.logging:jboss-logging:3.1.3.GA -> 3.3.0.Final
|    |    |    |    +--- org.jboss.logging:jboss-logging-annotations:1.2.0.Beta1
|    |    |    |    +--- dom4j:dom4j:1.6.1
|    |    |    |    |    \--- xml-apis:xml-apis:1.0.b2
|    |    |    |    +--- org.hibernate.common:hibernate-commons-annotations:4.0.5.Final
|    |    |    |    |    +--- org.jboss.logging:jboss-logging:3.1.3.GA -> 3.3.0.Final
|    |    |    |    |    \--- org.jboss.logging:jboss-logging-annotations:1.2.0.Beta1
|    |    |    |    +--- org.hibernate.javax.persistence:hibernate-jpa-2.1-api:1.0.0.Final
|    |    |    |    +--- org.javassist:javassist:3.18.1-GA
|    |    |    |    +--- antlr:antlr:2.7.7
|    |    |    |    \--- org.jboss:jandex:1.1.0.Final
|    |    |    +--- dom4j:dom4j:1.6.1 (*)
|    |    |    +--- org.hibernate.common:hibernate-commons-annotations:4.0.5.Final (*)
|    |    |    +--- org.hibernate.javax.persistence:hibernate-jpa-2.1-api:1.0.0.Final
|    |    |    \--- org.javassist:javassist:3.18.1-GA
|    |    +--- javax.transaction:javax.transaction-api:1.2
|    |    +--- org.springframework.data:spring-data-jpa:1.9.2.RELEASE
|    |    |    +--- org.springframework.data:spring-data-commons:1.11.2.RELEASE
|    |    |    |    +--- org.springframework:spring-core:4.1.9.RELEASE -> 4.2.4.RELEASE
|    |    |    |    +--- org.springframework:spring-beans:4.1.9.RELEASE -> 4.2.4.RELEASE (*)
|    |    |    |    +--- org.slf4j:slf4j-api:1.7.13
|    |    |    |    \--- org.slf4j:jcl-over-slf4j:1.7.13 (*)
|    |    |    +--- org.springframework:spring-orm:4.1.9.RELEASE -> 4.2.4.RELEASE
|    |    |    |    +--- org.springframework:spring-beans:4.2.4.RELEASE (*)
|    |    |    |    +--- org.springframework:spring-core:4.2.4.RELEASE
|    |    |    |    +--- org.springframework:spring-jdbc:4.2.4.RELEASE (*)
|    |    |    |    \--- org.springframework:spring-tx:4.2.4.RELEASE (*)
|    |    |    +--- org.springframework:spring-context:4.1.9.RELEASE -> 4.2.4.RELEASE (*)
|    |    |    +--- org.springframework:spring-aop:4.1.9.RELEASE -> 4.2.4.RELEASE (*)
|    |    |    +--- org.springframework:spring-tx:4.1.9.RELEASE -> 4.2.4.RELEASE (*)
|    |    |    +--- org.springframework:spring-beans:4.1.9.RELEASE -> 4.2.4.RELEASE (*)
|    |    |    +--- org.springframework:spring-core:4.1.9.RELEASE -> 4.2.4.RELEASE
|    |    |    +--- org.slf4j:slf4j-api:1.7.13
|    |    |    \--- org.slf4j:jcl-over-slf4j:1.7.13 (*)
|    |    \--- org.springframework:spring-aspects:4.2.4.RELEASE
|    |         \--- org.aspectj:aspectjweaver:1.8.7 -> 1.8.8
|    \--- org.apache.commons:commons-lang3: -> 3.3.2
+--- org.springframework.boot:spring-boot-starter-web: -> 1.3.2.RELEASE
|    +--- org.springframework.boot:spring-boot-starter:1.3.2.RELEASE (*)
|    +--- org.springframework.boot:spring-boot-starter-tomcat:1.3.2.RELEASE
|    |    +--- org.apache.tomcat.embed:tomcat-embed-core:8.0.30 -> 7.0.56
|    |    +--- org.apache.tomcat.embed:tomcat-embed-el:8.0.30 -> 7.0.56
|    |    +--- org.apache.tomcat.embed:tomcat-embed-logging-juli:8.0.30 -> 7.0.56
|    |    \--- org.apache.tomcat.embed:tomcat-embed-websocket:8.0.30 -> 7.0.56
|    |         \--- org.apache.tomcat.embed:tomcat-embed-core:7.0.56
|    +--- org.springframework.boot:spring-boot-starter-validation:1.3.2.RELEASE
|    |    +--- org.springframework.boot:spring-boot-starter:1.3.2.RELEASE (*)
|    |    +--- org.apache.tomcat.embed:tomcat-embed-el:8.0.30 -> 7.0.56
|    |    \--- org.hibernate:hibernate-validator:5.2.2.Final (*)
|    +--- com.fasterxml.jackson.core:jackson-databind:2.6.5
|    |    +--- com.fasterxml.jackson.core:jackson-annotations:2.6.0 -> 2.6.5
|    |    \--- com.fasterxml.jackson.core:jackson-core:2.6.5
|    +--- org.springframework:spring-web:4.2.4.RELEASE
|    |    +--- org.springframework:spring-aop:4.2.4.RELEASE (*)
|    |    +--- org.springframework:spring-beans:4.2.4.RELEASE (*)
|    |    +--- org.springframework:spring-context:4.2.4.RELEASE (*)
|    |    \--- org.springframework:spring-core:4.2.4.RELEASE
|    \--- org.springframework:spring-webmvc:4.2.4.RELEASE
|         +--- org.springframework:spring-beans:4.2.4.RELEASE (*)
|         +--- org.springframework:spring-context:4.2.4.RELEASE (*)
|         +--- org.springframework:spring-core:4.2.4.RELEASE
|         +--- org.springframework:spring-expression:4.2.4.RELEASE (*)
|         \--- org.springframework:spring-web:4.2.4.RELEASE (*)
+--- org.springframework.boot:spring-boot-starter-hateoas: -> 1.3.2.RELEASE
|    +--- org.springframework.boot:spring-boot-starter-web:1.3.2.RELEASE (*)
|    +--- org.springframework.hateoas:spring-hateoas:0.19.0.RELEASE
|    |    +--- org.springframework:spring-aop:4.1.7.RELEASE -> 4.2.4.RELEASE (*)
|    |    +--- org.springframework:spring-beans:4.1.7.RELEASE -> 4.2.4.RELEASE (*)
|    |    +--- org.springframework:spring-context:4.1.7.RELEASE -> 4.2.4.RELEASE (*)
|    |    +--- org.springframework:spring-core:4.1.7.RELEASE -> 4.2.4.RELEASE
|    |    +--- org.springframework:spring-web:4.1.7.RELEASE -> 4.2.4.RELEASE (*)
|    |    +--- org.springframework:spring-webmvc:4.1.7.RELEASE -> 4.2.4.RELEASE (*)
|    |    \--- org.slf4j:slf4j-api:1.7.12 -> 1.7.13
|    \--- org.springframework.plugin:spring-plugin-core:1.2.0.RELEASE
|         +--- org.springframework:spring-beans:4.0.9.RELEASE -> 4.2.4.RELEASE (*)
|         +--- org.springframework:spring-context:4.0.9.RELEASE -> 4.2.4.RELEASE (*)
|         +--- org.springframework:spring-aop:4.0.9.RELEASE -> 4.2.4.RELEASE (*)
|         \--- org.slf4j:slf4j-api:1.7.10 -> 1.7.13
+--- com.zaxxer:HikariCP-java6: -> 2.3.12
|    \--- org.slf4j:slf4j-api:1.7.10 -> 1.7.13
\--- mysql:mysql-connector-java: -> 5.1.38

default - Configuration for default artifacts.
+--- project :iam-core
|    +--- project :iam-common
|    |    \--- org.hibernate:hibernate-validator: -> 5.2.2.Final
|    |         +--- javax.validation:validation-api:1.1.0.Final
|    |         +--- org.jboss.logging:jboss-logging:3.2.1.Final -> 3.3.0.Final
|    |         \--- com.fasterxml:classmate:1.1.0
|    +--- org.springframework.boot:spring-boot-starter-data-jpa: -> 1.3.2.RELEASE
|    |    +--- org.springframework.boot:spring-boot-starter:1.3.2.RELEASE
|    |    |    +--- org.springframework.boot:spring-boot:1.3.2.RELEASE
|    |    |    |    +--- org.springframework:spring-core:4.2.4.RELEASE
|    |    |    |    \--- org.springframework:spring-context:4.2.4.RELEASE
|    |    |    |         +--- org.springframework:spring-aop:4.2.4.RELEASE
|    |    |    |         |    +--- aopalliance:aopalliance:1.0
|    |    |    |         |    +--- org.springframework:spring-beans:4.2.4.RELEASE
|    |    |    |         |    |    \--- org.springframework:spring-core:4.2.4.RELEASE
|    |    |    |         |    \--- org.springframework:spring-core:4.2.4.RELEASE
|    |    |    |         +--- org.springframework:spring-beans:4.2.4.RELEASE (*)
|    |    |    |         +--- org.springframework:spring-core:4.2.4.RELEASE
|    |    |    |         \--- org.springframework:spring-expression:4.2.4.RELEASE
|    |    |    |              \--- org.springframework:spring-core:4.2.4.RELEASE
|    |    |    +--- org.springframework.boot:spring-boot-autoconfigure:1.3.2.RELEASE
|    |    |    |    \--- org.springframework.boot:spring-boot:1.3.2.RELEASE (*)
|    |    |    +--- org.springframework.boot:spring-boot-starter-logging:1.3.2.RELEASE
|    |    |    |    +--- ch.qos.logback:logback-classic:1.1.3
|    |    |    |    |    +--- ch.qos.logback:logback-core:1.1.3
|    |    |    |    |    \--- org.slf4j:slf4j-api:1.7.7 -> 1.7.13
|    |    |    |    +--- org.slf4j:jcl-over-slf4j:1.7.13
|    |    |    |    |    \--- org.slf4j:slf4j-api:1.7.13
|    |    |    |    +--- org.slf4j:jul-to-slf4j:1.7.13
|    |    |    |    |    \--- org.slf4j:slf4j-api:1.7.13
|    |    |    |    \--- org.slf4j:log4j-over-slf4j:1.7.13
|    |    |    |         \--- org.slf4j:slf4j-api:1.7.13
|    |    |    +--- org.springframework:spring-core:4.2.4.RELEASE
|    |    |    \--- org.yaml:snakeyaml:1.16
|    |    +--- org.springframework.boot:spring-boot-starter-aop:1.3.2.RELEASE
|    |    |    +--- org.springframework.boot:spring-boot-starter:1.3.2.RELEASE (*)
|    |    |    +--- org.springframework:spring-aop:4.2.4.RELEASE (*)
|    |    |    \--- org.aspectj:aspectjweaver:1.8.8
|    |    +--- org.springframework.boot:spring-boot-starter-jdbc:1.3.2.RELEASE
|    |    |    +--- org.springframework.boot:spring-boot-starter:1.3.2.RELEASE (*)
|    |    |    \--- org.springframework:spring-jdbc:4.2.4.RELEASE
|    |    |         +--- org.springframework:spring-beans:4.2.4.RELEASE (*)
|    |    |         +--- org.springframework:spring-core:4.2.4.RELEASE
|    |    |         \--- org.springframework:spring-tx:4.2.4.RELEASE
|    |    |              +--- org.springframework:spring-beans:4.2.4.RELEASE (*)
|    |    |              \--- org.springframework:spring-core:4.2.4.RELEASE
|    |    +--- org.hibernate:hibernate-entitymanager:4.3.11.Final
|    |    |    +--- org.jboss.logging:jboss-logging:3.1.3.GA -> 3.3.0.Final
|    |    |    +--- org.jboss.logging:jboss-logging-annotations:1.2.0.Beta1
|    |    |    +--- org.hibernate:hibernate-core:4.3.11.Final
|    |    |    |    +--- org.jboss.logging:jboss-logging:3.1.3.GA -> 3.3.0.Final
|    |    |    |    +--- org.jboss.logging:jboss-logging-annotations:1.2.0.Beta1
|    |    |    |    +--- dom4j:dom4j:1.6.1
|    |    |    |    |    \--- xml-apis:xml-apis:1.0.b2
|    |    |    |    +--- org.hibernate.common:hibernate-commons-annotations:4.0.5.Final
|    |    |    |    |    +--- org.jboss.logging:jboss-logging:3.1.3.GA -> 3.3.0.Final
|    |    |    |    |    \--- org.jboss.logging:jboss-logging-annotations:1.2.0.Beta1
|    |    |    |    +--- org.hibernate.javax.persistence:hibernate-jpa-2.1-api:1.0.0.Final
|    |    |    |    +--- org.javassist:javassist:3.18.1-GA
|    |    |    |    +--- antlr:antlr:2.7.7
|    |    |    |    \--- org.jboss:jandex:1.1.0.Final
|    |    |    +--- dom4j:dom4j:1.6.1 (*)
|    |    |    +--- org.hibernate.common:hibernate-commons-annotations:4.0.5.Final (*)
|    |    |    +--- org.hibernate.javax.persistence:hibernate-jpa-2.1-api:1.0.0.Final
|    |    |    \--- org.javassist:javassist:3.18.1-GA
|    |    +--- javax.transaction:javax.transaction-api:1.2
|    |    +--- org.springframework.data:spring-data-jpa:1.9.2.RELEASE
|    |    |    +--- org.springframework.data:spring-data-commons:1.11.2.RELEASE
|    |    |    |    +--- org.springframework:spring-core:4.1.9.RELEASE -> 4.2.4.RELEASE
|    |    |    |    +--- org.springframework:spring-beans:4.1.9.RELEASE -> 4.2.4.RELEASE (*)
|    |    |    |    +--- org.slf4j:slf4j-api:1.7.13
|    |    |    |    \--- org.slf4j:jcl-over-slf4j:1.7.13 (*)
|    |    |    +--- org.springframework:spring-orm:4.1.9.RELEASE -> 4.2.4.RELEASE
|    |    |    |    +--- org.springframework:spring-beans:4.2.4.RELEASE (*)
|    |    |    |    +--- org.springframework:spring-core:4.2.4.RELEASE
|    |    |    |    +--- org.springframework:spring-jdbc:4.2.4.RELEASE (*)
|    |    |    |    \--- org.springframework:spring-tx:4.2.4.RELEASE (*)
|    |    |    +--- org.springframework:spring-context:4.1.9.RELEASE -> 4.2.4.RELEASE (*)
|    |    |    +--- org.springframework:spring-aop:4.1.9.RELEASE -> 4.2.4.RELEASE (*)
|    |    |    +--- org.springframework:spring-tx:4.1.9.RELEASE -> 4.2.4.RELEASE (*)
|    |    |    +--- org.springframework:spring-beans:4.1.9.RELEASE -> 4.2.4.RELEASE (*)
|    |    |    +--- org.springframework:spring-core:4.1.9.RELEASE -> 4.2.4.RELEASE
|    |    |    +--- org.slf4j:slf4j-api:1.7.13
|    |    |    \--- org.slf4j:jcl-over-slf4j:1.7.13 (*)
|    |    \--- org.springframework:spring-aspects:4.2.4.RELEASE
|    |         \--- org.aspectj:aspectjweaver:1.8.7 -> 1.8.8
|    \--- org.apache.commons:commons-lang3: -> 3.3.2
+--- org.springframework.boot:spring-boot-starter-web: -> 1.3.2.RELEASE
|    +--- org.springframework.boot:spring-boot-starter:1.3.2.RELEASE (*)
|    +--- org.springframework.boot:spring-boot-starter-tomcat:1.3.2.RELEASE
|    |    +--- org.apache.tomcat.embed:tomcat-embed-core:8.0.30 -> 7.0.56
|    |    +--- org.apache.tomcat.embed:tomcat-embed-el:8.0.30 -> 7.0.56
|    |    +--- org.apache.tomcat.embed:tomcat-embed-logging-juli:8.0.30 -> 7.0.56
|    |    \--- org.apache.tomcat.embed:tomcat-embed-websocket:8.0.30 -> 7.0.56
|    |         \--- org.apache.tomcat.embed:tomcat-embed-core:7.0.56
|    +--- org.springframework.boot:spring-boot-starter-validation:1.3.2.RELEASE
|    |    +--- org.springframework.boot:spring-boot-starter:1.3.2.RELEASE (*)
|    |    +--- org.apache.tomcat.embed:tomcat-embed-el:8.0.30 -> 7.0.56
|    |    \--- org.hibernate:hibernate-validator:5.2.2.Final (*)
|    +--- com.fasterxml.jackson.core:jackson-databind:2.6.5
|    |    +--- com.fasterxml.jackson.core:jackson-annotations:2.6.0 -> 2.6.5
|    |    \--- com.fasterxml.jackson.core:jackson-core:2.6.5
|    +--- org.springframework:spring-web:4.2.4.RELEASE
|    |    +--- org.springframework:spring-aop:4.2.4.RELEASE (*)
|    |    +--- org.springframework:spring-beans:4.2.4.RELEASE (*)
|    |    +--- org.springframework:spring-context:4.2.4.RELEASE (*)
|    |    \--- org.springframework:spring-core:4.2.4.RELEASE
|    \--- org.springframework:spring-webmvc:4.2.4.RELEASE
|         +--- org.springframework:spring-beans:4.2.4.RELEASE (*)
|         +--- org.springframework:spring-context:4.2.4.RELEASE (*)
|         +--- org.springframework:spring-core:4.2.4.RELEASE
|         +--- org.springframework:spring-expression:4.2.4.RELEASE (*)
|         \--- org.springframework:spring-web:4.2.4.RELEASE (*)
+--- org.springframework.boot:spring-boot-starter-hateoas: -> 1.3.2.RELEASE
|    +--- org.springframework.boot:spring-boot-starter-web:1.3.2.RELEASE (*)
|    +--- org.springframework.hateoas:spring-hateoas:0.19.0.RELEASE
|    |    +--- org.springframework:spring-aop:4.1.7.RELEASE -> 4.2.4.RELEASE (*)
|    |    +--- org.springframework:spring-beans:4.1.7.RELEASE -> 4.2.4.RELEASE (*)
|    |    +--- org.springframework:spring-context:4.1.7.RELEASE -> 4.2.4.RELEASE (*)
|    |    +--- org.springframework:spring-core:4.1.7.RELEASE -> 4.2.4.RELEASE
|    |    +--- org.springframework:spring-web:4.1.7.RELEASE -> 4.2.4.RELEASE (*)
|    |    +--- org.springframework:spring-webmvc:4.1.7.RELEASE -> 4.2.4.RELEASE (*)
|    |    \--- org.slf4j:slf4j-api:1.7.12 -> 1.7.13
|    \--- org.springframework.plugin:spring-plugin-core:1.2.0.RELEASE
|         +--- org.springframework:spring-beans:4.0.9.RELEASE -> 4.2.4.RELEASE (*)
|         +--- org.springframework:spring-context:4.0.9.RELEASE -> 4.2.4.RELEASE (*)
|         +--- org.springframework:spring-aop:4.0.9.RELEASE -> 4.2.4.RELEASE (*)
|         \--- org.slf4j:slf4j-api:1.7.10 -> 1.7.13
+--- com.zaxxer:HikariCP-java6: -> 2.3.12
|    \--- org.slf4j:slf4j-api:1.7.10 -> 1.7.13
\--- mysql:mysql-connector-java: -> 5.1.38

runtime - Runtime classpath for source set 'main'.
+--- project :iam-core
|    +--- project :iam-common
|    |    \--- org.hibernate:hibernate-validator: -> 5.2.2.Final
|    |         +--- javax.validation:validation-api:1.1.0.Final
|    |         +--- org.jboss.logging:jboss-logging:3.2.1.Final -> 3.3.0.Final
|    |         \--- com.fasterxml:classmate:1.1.0
|    +--- org.springframework.boot:spring-boot-starter-data-jpa: -> 1.3.2.RELEASE
|    |    +--- org.springframework.boot:spring-boot-starter:1.3.2.RELEASE
|    |    |    +--- org.springframework.boot:spring-boot:1.3.2.RELEASE
|    |    |    |    +--- org.springframework:spring-core:4.2.4.RELEASE
|    |    |    |    \--- org.springframework:spring-context:4.2.4.RELEASE
|    |    |    |         +--- org.springframework:spring-aop:4.2.4.RELEASE
|    |    |    |         |    +--- aopalliance:aopalliance:1.0
|    |    |    |         |    +--- org.springframework:spring-beans:4.2.4.RELEASE
|    |    |    |         |    |    \--- org.springframework:spring-core:4.2.4.RELEASE
|    |    |    |         |    \--- org.springframework:spring-core:4.2.4.RELEASE
|    |    |    |         +--- org.springframework:spring-beans:4.2.4.RELEASE (*)
|    |    |    |         +--- org.springframework:spring-core:4.2.4.RELEASE
|    |    |    |         \--- org.springframework:spring-expression:4.2.4.RELEASE
|    |    |    |              \--- org.springframework:spring-core:4.2.4.RELEASE
|    |    |    +--- org.springframework.boot:spring-boot-autoconfigure:1.3.2.RELEASE
|    |    |    |    \--- org.springframework.boot:spring-boot:1.3.2.RELEASE (*)
|    |    |    +--- org.springframework.boot:spring-boot-starter-logging:1.3.2.RELEASE
|    |    |    |    +--- ch.qos.logback:logback-classic:1.1.3
|    |    |    |    |    +--- ch.qos.logback:logback-core:1.1.3
|    |    |    |    |    \--- org.slf4j:slf4j-api:1.7.7 -> 1.7.13
|    |    |    |    +--- org.slf4j:jcl-over-slf4j:1.7.13
|    |    |    |    |    \--- org.slf4j:slf4j-api:1.7.13
|    |    |    |    +--- org.slf4j:jul-to-slf4j:1.7.13
|    |    |    |    |    \--- org.slf4j:slf4j-api:1.7.13
|    |    |    |    \--- org.slf4j:log4j-over-slf4j:1.7.13
|    |    |    |         \--- org.slf4j:slf4j-api:1.7.13
|    |    |    +--- org.springframework:spring-core:4.2.4.RELEASE
|    |    |    \--- org.yaml:snakeyaml:1.16
|    |    +--- org.springframework.boot:spring-boot-starter-aop:1.3.2.RELEASE
|    |    |    +--- org.springframework.boot:spring-boot-starter:1.3.2.RELEASE (*)
|    |    |    +--- org.springframework:spring-aop:4.2.4.RELEASE (*)
|    |    |    \--- org.aspectj:aspectjweaver:1.8.8
|    |    +--- org.springframework.boot:spring-boot-starter-jdbc:1.3.2.RELEASE
|    |    |    +--- org.springframework.boot:spring-boot-starter:1.3.2.RELEASE (*)
|    |    |    \--- org.springframework:spring-jdbc:4.2.4.RELEASE
|    |    |         +--- org.springframework:spring-beans:4.2.4.RELEASE (*)
|    |    |         +--- org.springframework:spring-core:4.2.4.RELEASE
|    |    |         \--- org.springframework:spring-tx:4.2.4.RELEASE
|    |    |              +--- org.springframework:spring-beans:4.2.4.RELEASE (*)
|    |    |              \--- org.springframework:spring-core:4.2.4.RELEASE
|    |    +--- org.hibernate:hibernate-entitymanager:4.3.11.Final
|    |    |    +--- org.jboss.logging:jboss-logging:3.1.3.GA -> 3.3.0.Final
|    |    |    +--- org.jboss.logging:jboss-logging-annotations:1.2.0.Beta1
|    |    |    +--- org.hibernate:hibernate-core:4.3.11.Final
|    |    |    |    +--- org.jboss.logging:jboss-logging:3.1.3.GA -> 3.3.0.Final
|    |    |    |    +--- org.jboss.logging:jboss-logging-annotations:1.2.0.Beta1
|    |    |    |    +--- dom4j:dom4j:1.6.1
|    |    |    |    |    \--- xml-apis:xml-apis:1.0.b2
|    |    |    |    +--- org.hibernate.common:hibernate-commons-annotations:4.0.5.Final
|    |    |    |    |    +--- org.jboss.logging:jboss-logging:3.1.3.GA -> 3.3.0.Final
|    |    |    |    |    \--- org.jboss.logging:jboss-logging-annotations:1.2.0.Beta1
|    |    |    |    +--- org.hibernate.javax.persistence:hibernate-jpa-2.1-api:1.0.0.Final
|    |    |    |    +--- org.javassist:javassist:3.18.1-GA
|    |    |    |    +--- antlr:antlr:2.7.7
|    |    |    |    \--- org.jboss:jandex:1.1.0.Final
|    |    |    +--- dom4j:dom4j:1.6.1 (*)
|    |    |    +--- org.hibernate.common:hibernate-commons-annotations:4.0.5.Final (*)
|    |    |    +--- org.hibernate.javax.persistence:hibernate-jpa-2.1-api:1.0.0.Final
|    |    |    \--- org.javassist:javassist:3.18.1-GA
|    |    +--- javax.transaction:javax.transaction-api:1.2
|    |    +--- org.springframework.data:spring-data-jpa:1.9.2.RELEASE
|    |    |    +--- org.springframework.data:spring-data-commons:1.11.2.RELEASE
|    |    |    |    +--- org.springframework:spring-core:4.1.9.RELEASE -> 4.2.4.RELEASE
|    |    |    |    +--- org.springframework:spring-beans:4.1.9.RELEASE -> 4.2.4.RELEASE (*)
|    |    |    |    +--- org.slf4j:slf4j-api:1.7.13
|    |    |    |    \--- org.slf4j:jcl-over-slf4j:1.7.13 (*)
|    |    |    +--- org.springframework:spring-orm:4.1.9.RELEASE -> 4.2.4.RELEASE
|    |    |    |    +--- org.springframework:spring-beans:4.2.4.RELEASE (*)
|    |    |    |    +--- org.springframework:spring-core:4.2.4.RELEASE
|    |    |    |    +--- org.springframework:spring-jdbc:4.2.4.RELEASE (*)
|    |    |    |    \--- org.springframework:spring-tx:4.2.4.RELEASE (*)
|    |    |    +--- org.springframework:spring-context:4.1.9.RELEASE -> 4.2.4.RELEASE (*)
|    |    |    +--- org.springframework:spring-aop:4.1.9.RELEASE -> 4.2.4.RELEASE (*)
|    |    |    +--- org.springframework:spring-tx:4.1.9.RELEASE -> 4.2.4.RELEASE (*)
|    |    |    +--- org.springframework:spring-beans:4.1.9.RELEASE -> 4.2.4.RELEASE (*)
|    |    |    +--- org.springframework:spring-core:4.1.9.RELEASE -> 4.2.4.RELEASE
|    |    |    +--- org.slf4j:slf4j-api:1.7.13
|    |    |    \--- org.slf4j:jcl-over-slf4j:1.7.13 (*)
|    |    \--- org.springframework:spring-aspects:4.2.4.RELEASE
|    |         \--- org.aspectj:aspectjweaver:1.8.7 -> 1.8.8
|    \--- org.apache.commons:commons-lang3: -> 3.3.2
+--- org.springframework.boot:spring-boot-starter-web: -> 1.3.2.RELEASE
|    +--- org.springframework.boot:spring-boot-starter:1.3.2.RELEASE (*)
|    +--- org.springframework.boot:spring-boot-starter-tomcat:1.3.2.RELEASE
|    |    +--- org.apache.tomcat.embed:tomcat-embed-core:8.0.30 -> 7.0.56
|    |    +--- org.apache.tomcat.embed:tomcat-embed-el:8.0.30 -> 7.0.56
|    |    +--- org.apache.tomcat.embed:tomcat-embed-logging-juli:8.0.30 -> 7.0.56
|    |    \--- org.apache.tomcat.embed:tomcat-embed-websocket:8.0.30 -> 7.0.56
|    |         \--- org.apache.tomcat.embed:tomcat-embed-core:7.0.56
|    +--- org.springframework.boot:spring-boot-starter-validation:1.3.2.RELEASE
|    |    +--- org.springframework.boot:spring-boot-starter:1.3.2.RELEASE (*)
|    |    +--- org.apache.tomcat.embed:tomcat-embed-el:8.0.30 -> 7.0.56
|    |    \--- org.hibernate:hibernate-validator:5.2.2.Final (*)
|    +--- com.fasterxml.jackson.core:jackson-databind:2.6.5
|    |    +--- com.fasterxml.jackson.core:jackson-annotations:2.6.0 -> 2.6.5
|    |    \--- com.fasterxml.jackson.core:jackson-core:2.6.5
|    +--- org.springframework:spring-web:4.2.4.RELEASE
|    |    +--- org.springframework:spring-aop:4.2.4.RELEASE (*)
|    |    +--- org.springframework:spring-beans:4.2.4.RELEASE (*)
|    |    +--- org.springframework:spring-context:4.2.4.RELEASE (*)
|    |    \--- org.springframework:spring-core:4.2.4.RELEASE
|    \--- org.springframework:spring-webmvc:4.2.4.RELEASE
|         +--- org.springframework:spring-beans:4.2.4.RELEASE (*)
|         +--- org.springframework:spring-context:4.2.4.RELEASE (*)
|         +--- org.springframework:spring-core:4.2.4.RELEASE
|         +--- org.springframework:spring-expression:4.2.4.RELEASE (*)
|         \--- org.springframework:spring-web:4.2.4.RELEASE (*)
+--- org.springframework.boot:spring-boot-starter-hateoas: -> 1.3.2.RELEASE
|    +--- org.springframework.boot:spring-boot-starter-web:1.3.2.RELEASE (*)
|    +--- org.springframework.hateoas:spring-hateoas:0.19.0.RELEASE
|    |    +--- org.springframework:spring-aop:4.1.7.RELEASE -> 4.2.4.RELEASE (*)
|    |    +--- org.springframework:spring-beans:4.1.7.RELEASE -> 4.2.4.RELEASE (*)
|    |    +--- org.springframework:spring-context:4.1.7.RELEASE -> 4.2.4.RELEASE (*)
|    |    +--- org.springframework:spring-core:4.1.7.RELEASE -> 4.2.4.RELEASE
|    |    +--- org.springframework:spring-web:4.1.7.RELEASE -> 4.2.4.RELEASE (*)
|    |    +--- org.springframework:spring-webmvc:4.1.7.RELEASE -> 4.2.4.RELEASE (*)
|    |    \--- org.slf4j:slf4j-api:1.7.12 -> 1.7.13
|    \--- org.springframework.plugin:spring-plugin-core:1.2.0.RELEASE
|         +--- org.springframework:spring-beans:4.0.9.RELEASE -> 4.2.4.RELEASE (*)
|         +--- org.springframework:spring-context:4.0.9.RELEASE -> 4.2.4.RELEASE (*)
|         +--- org.springframework:spring-aop:4.0.9.RELEASE -> 4.2.4.RELEASE (*)
|         \--- org.slf4j:slf4j-api:1.7.10 -> 1.7.13
+--- com.zaxxer:HikariCP-java6: -> 2.3.12
|    \--- org.slf4j:slf4j-api:1.7.10 -> 1.7.13
\--- mysql:mysql-connector-java: -> 5.1.38

testCompile - Compile classpath for source set 'test'.
+--- project :iam-core
|    +--- project :iam-common
|    |    \--- org.hibernate:hibernate-validator: -> 5.2.2.Final
|    |         +--- javax.validation:validation-api:1.1.0.Final
|    |         +--- org.jboss.logging:jboss-logging:3.2.1.Final -> 3.3.0.Final
|    |         \--- com.fasterxml:classmate:1.1.0
|    +--- org.springframework.boot:spring-boot-starter-data-jpa: -> 1.3.2.RELEASE
|    |    +--- org.springframework.boot:spring-boot-starter:1.3.2.RELEASE
|    |    |    +--- org.springframework.boot:spring-boot:1.3.2.RELEASE
|    |    |    |    +--- org.springframework:spring-core:4.2.4.RELEASE
|    |    |    |    \--- org.springframework:spring-context:4.2.4.RELEASE
|    |    |    |         +--- org.springframework:spring-aop:4.2.4.RELEASE
|    |    |    |         |    +--- aopalliance:aopalliance:1.0
|    |    |    |         |    +--- org.springframework:spring-beans:4.2.4.RELEASE
|    |    |    |         |    |    \--- org.springframework:spring-core:4.2.4.RELEASE
|    |    |    |         |    \--- org.springframework:spring-core:4.2.4.RELEASE
|    |    |    |         +--- org.springframework:spring-beans:4.2.4.RELEASE (*)
|    |    |    |         +--- org.springframework:spring-core:4.2.4.RELEASE
|    |    |    |         \--- org.springframework:spring-expression:4.2.4.RELEASE
|    |    |    |              \--- org.springframework:spring-core:4.2.4.RELEASE
|    |    |    +--- org.springframework.boot:spring-boot-autoconfigure:1.3.2.RELEASE
|    |    |    |    \--- org.springframework.boot:spring-boot:1.3.2.RELEASE (*)
|    |    |    +--- org.springframework.boot:spring-boot-starter-logging:1.3.2.RELEASE
|    |    |    |    +--- ch.qos.logback:logback-classic:1.1.3
|    |    |    |    |    +--- ch.qos.logback:logback-core:1.1.3
|    |    |    |    |    \--- org.slf4j:slf4j-api:1.7.7 -> 1.7.13
|    |    |    |    +--- org.slf4j:jcl-over-slf4j:1.7.13
|    |    |    |    |    \--- org.slf4j:slf4j-api:1.7.13
|    |    |    |    +--- org.slf4j:jul-to-slf4j:1.7.13
|    |    |    |    |    \--- org.slf4j:slf4j-api:1.7.13
|    |    |    |    \--- org.slf4j:log4j-over-slf4j:1.7.13
|    |    |    |         \--- org.slf4j:slf4j-api:1.7.13
|    |    |    +--- org.springframework:spring-core:4.2.4.RELEASE
|    |    |    \--- org.yaml:snakeyaml:1.16
|    |    +--- org.springframework.boot:spring-boot-starter-aop:1.3.2.RELEASE
|    |    |    +--- org.springframework.boot:spring-boot-starter:1.3.2.RELEASE (*)
|    |    |    +--- org.springframework:spring-aop:4.2.4.RELEASE (*)
|    |    |    \--- org.aspectj:aspectjweaver:1.8.8
|    |    +--- org.springframework.boot:spring-boot-starter-jdbc:1.3.2.RELEASE
|    |    |    +--- org.springframework.boot:spring-boot-starter:1.3.2.RELEASE (*)
|    |    |    \--- org.springframework:spring-jdbc:4.2.4.RELEASE
|    |    |         +--- org.springframework:spring-beans:4.2.4.RELEASE (*)
|    |    |         +--- org.springframework:spring-core:4.2.4.RELEASE
|    |    |         \--- org.springframework:spring-tx:4.2.4.RELEASE
|    |    |              +--- org.springframework:spring-beans:4.2.4.RELEASE (*)
|    |    |              \--- org.springframework:spring-core:4.2.4.RELEASE
|    |    +--- org.hibernate:hibernate-entitymanager:4.3.11.Final
|    |    |    +--- org.jboss.logging:jboss-logging:3.1.3.GA -> 3.3.0.Final
|    |    |    +--- org.jboss.logging:jboss-logging-annotations:1.2.0.Beta1
|    |    |    +--- org.hibernate:hibernate-core:4.3.11.Final
|    |    |    |    +--- org.jboss.logging:jboss-logging:3.1.3.GA -> 3.3.0.Final
|    |    |    |    +--- org.jboss.logging:jboss-logging-annotations:1.2.0.Beta1
|    |    |    |    +--- dom4j:dom4j:1.6.1
|    |    |    |    |    \--- xml-apis:xml-apis:1.0.b2
|    |    |    |    +--- org.hibernate.common:hibernate-commons-annotations:4.0.5.Final
|    |    |    |    |    +--- org.jboss.logging:jboss-logging:3.1.3.GA -> 3.3.0.Final
|    |    |    |    |    \--- org.jboss.logging:jboss-logging-annotations:1.2.0.Beta1
|    |    |    |    +--- org.hibernate.javax.persistence:hibernate-jpa-2.1-api:1.0.0.Final
|    |    |    |    +--- org.javassist:javassist:3.18.1-GA
|    |    |    |    +--- antlr:antlr:2.7.7
|    |    |    |    \--- org.jboss:jandex:1.1.0.Final
|    |    |    +--- dom4j:dom4j:1.6.1 (*)
|    |    |    +--- org.hibernate.common:hibernate-commons-annotations:4.0.5.Final (*)
|    |    |    +--- org.hibernate.javax.persistence:hibernate-jpa-2.1-api:1.0.0.Final
|    |    |    \--- org.javassist:javassist:3.18.1-GA
|    |    +--- javax.transaction:javax.transaction-api:1.2
|    |    +--- org.springframework.data:spring-data-jpa:1.9.2.RELEASE
|    |    |    +--- org.springframework.data:spring-data-commons:1.11.2.RELEASE
|    |    |    |    +--- org.springframework:spring-core:4.1.9.RELEASE -> 4.2.4.RELEASE
|    |    |    |    +--- org.springframework:spring-beans:4.1.9.RELEASE -> 4.2.4.RELEASE (*)
|    |    |    |    +--- org.slf4j:slf4j-api:1.7.13
|    |    |    |    \--- org.slf4j:jcl-over-slf4j:1.7.13 (*)
|    |    |    +--- org.springframework:spring-orm:4.1.9.RELEASE -> 4.2.4.RELEASE
|    |    |    |    +--- org.springframework:spring-beans:4.2.4.RELEASE (*)
|    |    |    |    +--- org.springframework:spring-core:4.2.4.RELEASE
|    |    |    |    +--- org.springframework:spring-jdbc:4.2.4.RELEASE (*)
|    |    |    |    \--- org.springframework:spring-tx:4.2.4.RELEASE (*)
|    |    |    +--- org.springframework:spring-context:4.1.9.RELEASE -> 4.2.4.RELEASE (*)
|    |    |    +--- org.springframework:spring-aop:4.1.9.RELEASE -> 4.2.4.RELEASE (*)
|    |    |    +--- org.springframework:spring-tx:4.1.9.RELEASE -> 4.2.4.RELEASE (*)
|    |    |    +--- org.springframework:spring-beans:4.1.9.RELEASE -> 4.2.4.RELEASE (*)
|    |    |    +--- org.springframework:spring-core:4.1.9.RELEASE -> 4.2.4.RELEASE
|    |    |    +--- org.slf4j:slf4j-api:1.7.13
|    |    |    \--- org.slf4j:jcl-over-slf4j:1.7.13 (*)
|    |    \--- org.springframework:spring-aspects:4.2.4.RELEASE
|    |         \--- org.aspectj:aspectjweaver:1.8.7 -> 1.8.8
|    \--- org.apache.commons:commons-lang3: -> 3.3.2
+--- org.springframework.boot:spring-boot-starter-web: -> 1.3.2.RELEASE
|    +--- org.springframework.boot:spring-boot-starter:1.3.2.RELEASE (*)
|    +--- org.springframework.boot:spring-boot-starter-tomcat:1.3.2.RELEASE
|    |    +--- org.apache.tomcat.embed:tomcat-embed-core:8.0.30 -> 7.0.56
|    |    +--- org.apache.tomcat.embed:tomcat-embed-el:8.0.30 -> 7.0.56
|    |    +--- org.apache.tomcat.embed:tomcat-embed-logging-juli:8.0.30 -> 7.0.56
|    |    \--- org.apache.tomcat.embed:tomcat-embed-websocket:8.0.30 -> 7.0.56
|    |         \--- org.apache.tomcat.embed:tomcat-embed-core:7.0.56
|    +--- org.springframework.boot:spring-boot-starter-validation:1.3.2.RELEASE
|    |    +--- org.springframework.boot:spring-boot-starter:1.3.2.RELEASE (*)
|    |    +--- org.apache.tomcat.embed:tomcat-embed-el:8.0.30 -> 7.0.56
|    |    \--- org.hibernate:hibernate-validator:5.2.2.Final (*)
|    +--- com.fasterxml.jackson.core:jackson-databind:2.6.5
|    |    +--- com.fasterxml.jackson.core:jackson-annotations:2.6.0 -> 2.6.5
|    |    \--- com.fasterxml.jackson.core:jackson-core:2.6.5
|    +--- org.springframework:spring-web:4.2.4.RELEASE
|    |    +--- org.springframework:spring-aop:4.2.4.RELEASE (*)
|    |    +--- org.springframework:spring-beans:4.2.4.RELEASE (*)
|    |    +--- org.springframework:spring-context:4.2.4.RELEASE (*)
|    |    \--- org.springframework:spring-core:4.2.4.RELEASE
|    \--- org.springframework:spring-webmvc:4.2.4.RELEASE
|         +--- org.springframework:spring-beans:4.2.4.RELEASE (*)
|         +--- org.springframework:spring-context:4.2.4.RELEASE (*)
|         +--- org.springframework:spring-core:4.2.4.RELEASE
|         +--- org.springframework:spring-expression:4.2.4.RELEASE (*)
|         \--- org.springframework:spring-web:4.2.4.RELEASE (*)
+--- org.springframework.boot:spring-boot-starter-hateoas: -> 1.3.2.RELEASE
|    +--- org.springframework.boot:spring-boot-starter-web:1.3.2.RELEASE (*)
|    +--- org.springframework.hateoas:spring-hateoas:0.19.0.RELEASE
|    |    +--- org.springframework:spring-aop:4.1.7.RELEASE -> 4.2.4.RELEASE (*)
|    |    +--- org.springframework:spring-beans:4.1.7.RELEASE -> 4.2.4.RELEASE (*)
|    |    +--- org.springframework:spring-context:4.1.7.RELEASE -> 4.2.4.RELEASE (*)
|    |    +--- org.springframework:spring-core:4.1.7.RELEASE -> 4.2.4.RELEASE
|    |    +--- org.springframework:spring-web:4.1.7.RELEASE -> 4.2.4.RELEASE (*)
|    |    +--- org.springframework:spring-webmvc:4.1.7.RELEASE -> 4.2.4.RELEASE (*)
|    |    \--- org.slf4j:slf4j-api:1.7.12 -> 1.7.13
|    \--- org.springframework.plugin:spring-plugin-core:1.2.0.RELEASE
|         +--- org.springframework:spring-beans:4.0.9.RELEASE -> 4.2.4.RELEASE (*)
|         +--- org.springframework:spring-context:4.0.9.RELEASE -> 4.2.4.RELEASE (*)
|         +--- org.springframework:spring-aop:4.0.9.RELEASE -> 4.2.4.RELEASE (*)
|         \--- org.slf4j:slf4j-api:1.7.10 -> 1.7.13
+--- com.zaxxer:HikariCP-java6: -> 2.3.12
|    \--- org.slf4j:slf4j-api:1.7.10 -> 1.7.13
\--- mysql:mysql-connector-java: -> 5.1.38

testRuntime - Runtime classpath for source set 'test'.
+--- project :iam-core
|    +--- project :iam-common
|    |    \--- org.hibernate:hibernate-validator: -> 5.2.2.Final
|    |         +--- javax.validation:validation-api:1.1.0.Final
|    |         +--- org.jboss.logging:jboss-logging:3.2.1.Final -> 3.3.0.Final
|    |         \--- com.fasterxml:classmate:1.1.0
|    +--- org.springframework.boot:spring-boot-starter-data-jpa: -> 1.3.2.RELEASE
|    |    +--- org.springframework.boot:spring-boot-starter:1.3.2.RELEASE
|    |    |    +--- org.springframework.boot:spring-boot:1.3.2.RELEASE
|    |    |    |    +--- org.springframework:spring-core:4.2.4.RELEASE
|    |    |    |    \--- org.springframework:spring-context:4.2.4.RELEASE
|    |    |    |         +--- org.springframework:spring-aop:4.2.4.RELEASE
|    |    |    |         |    +--- aopalliance:aopalliance:1.0
|    |    |    |         |    +--- org.springframework:spring-beans:4.2.4.RELEASE
|    |    |    |         |    |    \--- org.springframework:spring-core:4.2.4.RELEASE
|    |    |    |         |    \--- org.springframework:spring-core:4.2.4.RELEASE
|    |    |    |         +--- org.springframework:spring-beans:4.2.4.RELEASE (*)
|    |    |    |         +--- org.springframework:spring-core:4.2.4.RELEASE
|    |    |    |         \--- org.springframework:spring-expression:4.2.4.RELEASE
|    |    |    |              \--- org.springframework:spring-core:4.2.4.RELEASE
|    |    |    +--- org.springframework.boot:spring-boot-autoconfigure:1.3.2.RELEASE
|    |    |    |    \--- org.springframework.boot:spring-boot:1.3.2.RELEASE (*)
|    |    |    +--- org.springframework.boot:spring-boot-starter-logging:1.3.2.RELEASE
|    |    |    |    +--- ch.qos.logback:logback-classic:1.1.3
|    |    |    |    |    +--- ch.qos.logback:logback-core:1.1.3
|    |    |    |    |    \--- org.slf4j:slf4j-api:1.7.7 -> 1.7.13
|    |    |    |    +--- org.slf4j:jcl-over-slf4j:1.7.13
|    |    |    |    |    \--- org.slf4j:slf4j-api:1.7.13
|    |    |    |    +--- org.slf4j:jul-to-slf4j:1.7.13
|    |    |    |    |    \--- org.slf4j:slf4j-api:1.7.13
|    |    |    |    \--- org.slf4j:log4j-over-slf4j:1.7.13
|    |    |    |         \--- org.slf4j:slf4j-api:1.7.13
|    |    |    +--- org.springframework:spring-core:4.2.4.RELEASE
|    |    |    \--- org.yaml:snakeyaml:1.16
|    |    +--- org.springframework.boot:spring-boot-starter-aop:1.3.2.RELEASE
|    |    |    +--- org.springframework.boot:spring-boot-starter:1.3.2.RELEASE (*)
|    |    |    +--- org.springframework:spring-aop:4.2.4.RELEASE (*)
|    |    |    \--- org.aspectj:aspectjweaver:1.8.8
|    |    +--- org.springframework.boot:spring-boot-starter-jdbc:1.3.2.RELEASE
|    |    |    +--- org.springframework.boot:spring-boot-starter:1.3.2.RELEASE (*)
|    |    |    \--- org.springframework:spring-jdbc:4.2.4.RELEASE
|    |    |         +--- org.springframework:spring-beans:4.2.4.RELEASE (*)
|    |    |         +--- org.springframework:spring-core:4.2.4.RELEASE
|    |    |         \--- org.springframework:spring-tx:4.2.4.RELEASE
|    |    |              +--- org.springframework:spring-beans:4.2.4.RELEASE (*)
|    |    |              \--- org.springframework:spring-core:4.2.4.RELEASE
|    |    +--- org.hibernate:hibernate-entitymanager:4.3.11.Final
|    |    |    +--- org.jboss.logging:jboss-logging:3.1.3.GA -> 3.3.0.Final
|    |    |    +--- org.jboss.logging:jboss-logging-annotations:1.2.0.Beta1
|    |    |    +--- org.hibernate:hibernate-core:4.3.11.Final
|    |    |    |    +--- org.jboss.logging:jboss-logging:3.1.3.GA -> 3.3.0.Final
|    |    |    |    +--- org.jboss.logging:jboss-logging-annotations:1.2.0.Beta1
|    |    |    |    +--- dom4j:dom4j:1.6.1
|    |    |    |    |    \--- xml-apis:xml-apis:1.0.b2
|    |    |    |    +--- org.hibernate.common:hibernate-commons-annotations:4.0.5.Final
|    |    |    |    |    +--- org.jboss.logging:jboss-logging:3.1.3.GA -> 3.3.0.Final
|    |    |    |    |    \--- org.jboss.logging:jboss-logging-annotations:1.2.0.Beta1
|    |    |    |    +--- org.hibernate.javax.persistence:hibernate-jpa-2.1-api:1.0.0.Final
|    |    |    |    +--- org.javassist:javassist:3.18.1-GA
|    |    |    |    +--- antlr:antlr:2.7.7
|    |    |    |    \--- org.jboss:jandex:1.1.0.Final
|    |    |    +--- dom4j:dom4j:1.6.1 (*)
|    |    |    +--- org.hibernate.common:hibernate-commons-annotations:4.0.5.Final (*)
|    |    |    +--- org.hibernate.javax.persistence:hibernate-jpa-2.1-api:1.0.0.Final
|    |    |    \--- org.javassist:javassist:3.18.1-GA
|    |    +--- javax.transaction:javax.transaction-api:1.2
|    |    +--- org.springframework.data:spring-data-jpa:1.9.2.RELEASE
|    |    |    +--- org.springframework.data:spring-data-commons:1.11.2.RELEASE
|    |    |    |    +--- org.springframework:spring-core:4.1.9.RELEASE -> 4.2.4.RELEASE
|    |    |    |    +--- org.springframework:spring-beans:4.1.9.RELEASE -> 4.2.4.RELEASE (*)
|    |    |    |    +--- org.slf4j:slf4j-api:1.7.13
|    |    |    |    \--- org.slf4j:jcl-over-slf4j:1.7.13 (*)
|    |    |    +--- org.springframework:spring-orm:4.1.9.RELEASE -> 4.2.4.RELEASE
|    |    |    |    +--- org.springframework:spring-beans:4.2.4.RELEASE (*)
|    |    |    |    +--- org.springframework:spring-core:4.2.4.RELEASE
|    |    |    |    +--- org.springframework:spring-jdbc:4.2.4.RELEASE (*)
|    |    |    |    \--- org.springframework:spring-tx:4.2.4.RELEASE (*)
|    |    |    +--- org.springframework:spring-context:4.1.9.RELEASE -> 4.2.4.RELEASE (*)
|    |    |    +--- org.springframework:spring-aop:4.1.9.RELEASE -> 4.2.4.RELEASE (*)
|    |    |    +--- org.springframework:spring-tx:4.1.9.RELEASE -> 4.2.4.RELEASE (*)
|    |    |    +--- org.springframework:spring-beans:4.1.9.RELEASE -> 4.2.4.RELEASE (*)
|    |    |    +--- org.springframework:spring-core:4.1.9.RELEASE -> 4.2.4.RELEASE
|    |    |    +--- org.slf4j:slf4j-api:1.7.13
|    |    |    \--- org.slf4j:jcl-over-slf4j:1.7.13 (*)
|    |    \--- org.springframework:spring-aspects:4.2.4.RELEASE
|    |         \--- org.aspectj:aspectjweaver:1.8.7 -> 1.8.8
|    \--- org.apache.commons:commons-lang3: -> 3.3.2
+--- org.springframework.boot:spring-boot-starter-web: -> 1.3.2.RELEASE
|    +--- org.springframework.boot:spring-boot-starter:1.3.2.RELEASE (*)
|    +--- org.springframework.boot:spring-boot-starter-tomcat:1.3.2.RELEASE
|    |    +--- org.apache.tomcat.embed:tomcat-embed-core:8.0.30 -> 7.0.56
|    |    +--- org.apache.tomcat.embed:tomcat-embed-el:8.0.30 -> 7.0.56
|    |    +--- org.apache.tomcat.embed:tomcat-embed-logging-juli:8.0.30 -> 7.0.56
|    |    \--- org.apache.tomcat.embed:tomcat-embed-websocket:8.0.30 -> 7.0.56
|    |         \--- org.apache.tomcat.embed:tomcat-embed-core:7.0.56
|    +--- org.springframework.boot:spring-boot-starter-validation:1.3.2.RELEASE
|    |    +--- org.springframework.boot:spring-boot-starter:1.3.2.RELEASE (*)
|    |    +--- org.apache.tomcat.embed:tomcat-embed-el:8.0.30 -> 7.0.56
|    |    \--- org.hibernate:hibernate-validator:5.2.2.Final (*)
|    +--- com.fasterxml.jackson.core:jackson-databind:2.6.5
|    |    +--- com.fasterxml.jackson.core:jackson-annotations:2.6.0 -> 2.6.5
|    |    \--- com.fasterxml.jackson.core:jackson-core:2.6.5
|    +--- org.springframework:spring-web:4.2.4.RELEASE
|    |    +--- org.springframework:spring-aop:4.2.4.RELEASE (*)
|    |    +--- org.springframework:spring-beans:4.2.4.RELEASE (*)
|    |    +--- org.springframework:spring-context:4.2.4.RELEASE (*)
|    |    \--- org.springframework:spring-core:4.2.4.RELEASE
|    \--- org.springframework:spring-webmvc:4.2.4.RELEASE
|         +--- org.springframework:spring-beans:4.2.4.RELEASE (*)
|         +--- org.springframework:spring-context:4.2.4.RELEASE (*)
|         +--- org.springframework:spring-core:4.2.4.RELEASE
|         +--- org.springframework:spring-expression:4.2.4.RELEASE (*)
|         \--- org.springframework:spring-web:4.2.4.RELEASE (*)
+--- org.springframework.boot:spring-boot-starter-hateoas: -> 1.3.2.RELEASE
|    +--- org.springframework.boot:spring-boot-starter-web:1.3.2.RELEASE (*)
|    +--- org.springframework.hateoas:spring-hateoas:0.19.0.RELEASE
|    |    +--- org.springframework:spring-aop:4.1.7.RELEASE -> 4.2.4.RELEASE (*)
|    |    +--- org.springframework:spring-beans:4.1.7.RELEASE -> 4.2.4.RELEASE (*)
|    |    +--- org.springframework:spring-context:4.1.7.RELEASE -> 4.2.4.RELEASE (*)
|    |    +--- org.springframework:spring-core:4.1.7.RELEASE -> 4.2.4.RELEASE
|    |    +--- org.springframework:spring-web:4.1.7.RELEASE -> 4.2.4.RELEASE (*)
|    |    +--- org.springframework:spring-webmvc:4.1.7.RELEASE -> 4.2.4.RELEASE (*)
|    |    \--- org.slf4j:slf4j-api:1.7.12 -> 1.7.13
|    \--- org.springframework.plugin:spring-plugin-core:1.2.0.RELEASE
|         +--- org.springframework:spring-beans:4.0.9.RELEASE -> 4.2.4.RELEASE (*)
|         +--- org.springframework:spring-context:4.0.9.RELEASE -> 4.2.4.RELEASE (*)
|         +--- org.springframework:spring-aop:4.0.9.RELEASE -> 4.2.4.RELEASE (*)
|         \--- org.slf4j:slf4j-api:1.7.10 -> 1.7.13
+--- com.zaxxer:HikariCP-java6: -> 2.3.12
|    \--- org.slf4j:slf4j-api:1.7.10 -> 1.7.13
\--- mysql:mysql-connector-java: -> 5.1.38

(*) - dependencies omitted (listed previously)

BUILD SUCCESSFUL

Total time: 1.052 secs
